<?xml version="1.0" encoding="UTF-8"?>
<coverage generated="1788586138232" clover="3.2.0">
  <project timestamp="1788586138232" name="All files">
    <metrics statements="41" coveredstatements="41" conditionals="24" coveredconditionals="24" methods="18" coveredmethods="18" elements="83" coveredelements="83" complexity="0" loc="41" ncloc="41" packages="4" files="7" classes="7"/>
    <package name="src">
      <metrics statements="3" coveredstatements="3" conditionals="0" coveredconditionals="0" methods="1" coveredmethods="1"/>
      <file name="App.tsx" path="/Users/joecrismolina/Documents/dev/myprojects/mygithub/playground/react-testing-basics/src/App.tsx">
        <metrics statements="3" coveredstatements="3" conditionals="0" coveredconditionals="0" methods="1" coveredmethods="1"/>
        <line num="5" count="1" type="stmt"/>
        <line num="23" count="1" type="stmt"/>
        <line num="31" count="1" type="stmt"/>
      </file>
    </package>
    <package name="src.components">
      <metrics statements="30" coveredstatements="30" conditionals="23" coveredconditionals="23" methods="15" coveredmethods="15"/>
      <file name="Button.tsx" path="/Users/joecrismolina/Documents/dev/myprojects/mygithub/playground/react-testing-basics/src/components/Button.tsx">
        <metrics statements="2" coveredstatements="2" conditionals="0" coveredconditionals="0" methods="1" coveredmethods="1"/>
        <line num="5" count="4" type="stmt"/>
        <line num="30" count="95" type="stmt"/>
      </file>
      <file name="NavBar.tsx" path="/Users/joecrismolina/Documents/dev/myprojects/mygithub/playground/react-testing-basics/src/components/NavBar.tsx">
        <metrics statements="2" coveredstatements="2" conditionals="3" coveredconditionals="3" methods="2" coveredmethods="2"/>
        <line num="13" count="3" type="stmt"/>
        <line num="29" count="12" type="stmt"/>
      </file>
      <file name="TodoCard.tsx" path="/Users/joecrismolina/Documents/dev/myprojects/mygithub/playground/react-testing-basics/src/components/TodoCard.tsx">
        <metrics statements="3" coveredstatements="3" conditionals="6" coveredconditionals="6" methods="2" coveredmethods="2"/>
        <line num="6" count="3" type="stmt"/>
        <line num="27" count="66" type="stmt"/>
        <line num="44" count="3" type="stmt"/>
      </file>
      <file name="Todos.tsx" path="/Users/joecrismolina/Documents/dev/myprojects/mygithub/playground/react-testing-basics/src/components/Todos.tsx">
        <metrics statements="23" coveredstatements="23" conditionals="14" coveredconditionals="14" methods="10" coveredmethods="10"/>
        <line num="11" count="21" type="stmt"/>
        <line num="12" count="21" type="stmt"/>
        <line num="13" count="21" type="stmt"/>
        <line num="16" count="2" type="stmt"/>
        <line num="17" count="8" type="cond" truecount="2" falsecount="0"/>
        <line num="18" count="2" type="cond" truecount="2" falsecount="0"/>
        <line num="19" count="1" type="stmt"/>
        <line num="21" count="1" type="stmt"/>
        <line num="23" count="2" type="stmt"/>
        <line num="25" count="6" type="stmt"/>
        <line num="28" count="2" type="stmt"/>
        <line num="32" count="1" type="stmt"/>
        <line num="36" count="1" type="stmt"/>
        <line num="40" count="2" type="stmt"/>
        <line num="41" count="2" type="stmt"/>
        <line num="42" count="2" type="stmt"/>
        <line num="48" count="2" type="stmt"/>
        <line num="49" count="2" type="stmt"/>
        <line num="52" count="81" type="stmt"/>
        <line num="53" count="21" type="cond" truecount="2" falsecount="0"/>
        <line num="55" count="21" type="stmt"/>
        <line num="61" count="4" type="stmt"/>
        <line num="83" count="63" type="stmt"/>
      </file>
    </package>
    <package name="src.lib">
      <metrics statements="1" coveredstatements="1" conditionals="0" coveredconditionals="0" methods="1" coveredmethods="1"/>
      <file name="utils.ts" path="/Users/joecrismolina/Documents/dev/myprojects/mygithub/playground/react-testing-basics/src/lib/utils.ts">
        <metrics statements="1" coveredstatements="1" conditionals="0" coveredconditionals="0" methods="1" coveredmethods="1"/>
        <line num="5" count="212" type="stmt"/>
      </file>
    </package>
    <package name="src.utils">
      <metrics statements="7" coveredstatements="7" conditionals="1" coveredconditionals="1" methods="1" coveredmethods="1"/>
      <file name="utils.ts" path="/Users/joecrismolina/Documents/dev/myprojects/mygithub/playground/react-testing-basics/src/utils/utils.ts">
        <metrics statements="7" coveredstatements="7" conditionals="1" coveredconditionals="1" methods="1" coveredmethods="1"/>
        <line num="1" count="1" type="stmt"/>
        <line num="3" count="1" type="stmt"/>
        <line num="8" count="4" type="stmt"/>
        <line num="9" count="4" type="stmt"/>
        <line num="11" count="4" type="stmt"/>
        <line num="12" count="18" type="stmt"/>
        <line num="15" count="4" type="stmt"/>
      </file>
    </package>
  </project>
</coverage>
