{"/Users/joecrismolina/Documents/dev/myprojects/mygithub/playground/react-testing-basics/src/App.tsx": {"path":"/Users/joecrismolina/Documents/dev/myprojects/mygithub/playground/react-testing-basics/src/App.tsx","statementMap":{"0":{"start":{"line":5,"column":26},"end":{"line":21,"column":null}},"1":{"start":{"line":23,"column":29},"end":{"line":28,"column":null}},"2":{"start":{"line":31,"column":2},"end":{"line":37,"column":null}}},"fnMap":{"0":{"name":"App","decl":{"start":{"line":30,"column":9},"end":{"line":30,"column":15}},"loc":{"start":{"line":30,"column":15},"end":{"line":39,"column":null}},"line":30}},"branchMap":{},"s":{"0":1,"1":1,"2":1},"f":{"0":1},"b":{},"meta":{"lastBranch":0,"lastFunction":1,"lastStatement":3,"seen":{"s:5:26:21:Infinity":0,"s:23:29:28:Infinity":1,"f:30:9:30:15":0,"s:31:2:37:Infinity":2},"fnNames":{}}}
,"/Users/joecrismolina/Documents/dev/myprojects/mygithub/playground/react-testing-basics/src/components/Button.tsx": {"path":"/Users/joecrismolina/Documents/dev/myprojects/mygithub/playground/react-testing-basics/src/components/Button.tsx","statementMap":{"0":{"start":{"line":5,"column":23},"end":{"line":15,"column":null}},"1":{"start":{"line":30,"column":2},"end":{"line":36,"column":null}}},"fnMap":{"0":{"name":"Button","decl":{"start":{"line":24,"column":24},"end":{"line":24,"column":31}},"loc":{"start":{"line":29,"column":16},"end":{"line":38,"column":null}},"line":29}},"branchMap":{},"s":{"0":4,"1":95},"f":{"0":95},"b":{},"meta":{"lastBranch":0,"lastFunction":1,"lastStatement":2,"seen":{"s:5:23:15:Infinity":0,"f:24:24:24:31":0,"s:30:2:36:Infinity":1},"fnNames":{}}}
,"/Users/joecrismolina/Documents/dev/myprojects/mygithub/playground/react-testing-basics/src/components/NavBar.tsx": {"path":"/Users/joecrismolina/Documents/dev/myprojects/mygithub/playground/react-testing-basics/src/components/NavBar.tsx","statementMap":{"0":{"start":{"line":13,"column":2},"end":{"line":39,"column":null}},"1":{"start":{"line":29,"column":14},"end":{"line":35,"column":null}}},"fnMap":{"0":{"name":"NavBar","decl":{"start":{"line":12,"column":24},"end":{"line":12,"column":31}},"loc":{"start":{"line":12,"column":58},"end":{"line":41,"column":null}},"line":12},"1":{"name":"(anonymous_1)","decl":{"start":{"line":28,"column":21},"end":{"line":28,"column":26}},"loc":{"start":{"line":29,"column":14},"end":{"line":35,"column":null}},"line":29}},"branchMap":{"0":{"loc":{"start":{"line":26,"column":11},"end":{"line":36,"column":null}},"type":"binary-expr","locations":[{"start":{"line":26,"column":11},"end":{"line":26,"column":null}},{"start":{"line":27,"column":12},"end":{"line":27,"column":null}},{"start":{"line":28,"column":12},"end":{"line":36,"column":null}}],"line":26}},"s":{"0":3,"1":12},"f":{"0":3,"1":12},"b":{"0":[3,3,3]},"meta":{"lastBranch":1,"lastFunction":2,"lastStatement":2,"seen":{"f:12:24:12:31":0,"s:13:2:39:Infinity":0,"b:26:11:26:Infinity:27:12:27:Infinity:28:12:36:Infinity":0,"f:28:21:28:26":1,"s:29:14:35:Infinity":1},"fnNames":{}}}
,"/Users/joecrismolina/Documents/dev/myprojects/mygithub/playground/react-testing-basics/src/components/TodoCard.tsx": {"path":"/Users/joecrismolina/Documents/dev/myprojects/mygithub/playground/react-testing-basics/src/components/TodoCard.tsx","statementMap":{"0":{"start":{"line":6,"column":25},"end":{"line":19,"column":null}},"1":{"start":{"line":27,"column":2},"end":{"line":47,"column":null}},"2":{"start":{"line":44,"column":29},"end":{"line":44,"column":56}}},"fnMap":{"0":{"name":"TodoCard","decl":{"start":{"line":26,"column":24},"end":{"line":26,"column":33}},"loc":{"start":{"line":26,"column":74},"end":{"line":49,"column":null}},"line":26},"1":{"name":"(anonymous_1)","decl":{"start":{"line":44,"column":14},"end":{"line":44,"column":29}},"loc":{"start":{"line":44,"column":29},"end":{"line":44,"column":56}},"line":44}},"branchMap":{"0":{"loc":{"start":{"line":34,"column":9},"end":{"line":43,"column":null}},"type":"binary-expr","locations":[{"start":{"line":34,"column":9},"end":{"line":34,"column":null}},{"start":{"line":35,"column":10},"end":{"line":43,"column":null}}],"line":34},"1":{"loc":{"start":{"line":37,"column":14},"end":{"line":37,"column":null}},"type":"cond-expr","locations":[{"start":{"line":37,"column":39},"end":{"line":37,"column":54}},{"start":{"line":37,"column":54},"end":{"line":37,"column":null}}],"line":37},"2":{"loc":{"start":{"line":45,"column":9},"end":{"line":45,"column":null}},"type":"cond-expr","locations":[{"start":{"line":45,"column":34},"end":{"line":45,"column":51}},{"start":{"line":45,"column":51},"end":{"line":45,"column":null}}],"line":45}},"s":{"0":3,"1":66,"2":3},"f":{"0":66,"1":3},"b":{"0":[66,51],"1":[18,33],"2":[32,34]},"meta":{"lastBranch":3,"lastFunction":2,"lastStatement":3,"seen":{"s:6:25:19:Infinity":0,"f:26:24:26:33":0,"s:27:2:47:Infinity":1,"b:34:9:34:Infinity:35:10:43:Infinity":0,"b:37:39:37:54:37:54:37:Infinity":1,"f:44:14:44:29":1,"s:44:29:44:56":2,"b:45:34:45:51:45:51:45:Infinity":2},"fnNames":{}}}
,"/Users/joecrismolina/Documents/dev/myprojects/mygithub/playground/react-testing-basics/src/components/Todos.tsx": {"path":"/Users/joecrismolina/Documents/dev/myprojects/mygithub/playground/react-testing-basics/src/components/Todos.tsx","statementMap":{"0":{"start":{"line":11,"column":28},"end":{"line":11,"column":null}},"1":{"start":{"line":12,"column":34},"end":{"line":12,"column":null}},"2":{"start":{"line":13,"column":48},"end":{"line":13,"column":null}},"3":{"start":{"line":16,"column":21},"end":{"line":27,"column":null}},"4":{"start":{"line":17,"column":6},"end":{"line":26,"column":null}},"5":{"start":{"line":18,"column":8},"end":{"line":22,"column":null}},"6":{"start":{"line":19,"column":10},"end":{"line":19,"column":null}},"7":{"start":{"line":21,"column":10},"end":{"line":21,"column":null}},"8":{"start":{"line":23,"column":8},"end":{"line":23,"column":null}},"9":{"start":{"line":25,"column":8},"end":{"line":25,"column":null}},"10":{"start":{"line":28,"column":4},"end":{"line":28,"column":null}},"11":{"start":{"line":32,"column":4},"end":{"line":32,"column":null}},"12":{"start":{"line":36,"column":4},"end":{"line":36,"column":null}},"13":{"start":{"line":40,"column":4},"end":{"line":40,"column":null}},"14":{"start":{"line":41,"column":21},"end":{"line":41,"column":null}},"15":{"start":{"line":42,"column":26},"end":{"line":46,"column":null}},"16":{"start":{"line":48,"column":4},"end":{"line":48,"column":null}},"17":{"start":{"line":48,"column":23},"end":{"line":48,"column":41}},"18":{"start":{"line":49,"column":4},"end":{"line":49,"column":null}},"19":{"start":{"line":52,"column":20},"end":{"line":52,"column":null}},"20":{"start":{"line":52,"column":43},"end":{"line":52,"column":65}},"21":{"start":{"line":53,"column":21},"end":{"line":53,"column":null}},"22":{"start":{"line":55,"column":2},"end":{"line":134,"column":null}},"23":{"start":{"line":61,"column":53},"end":{"line":61,"column":79}},"24":{"start":{"line":83,"column":14},"end":{"line":87,"column":null}}},"fnMap":{"0":{"name":"Todos","decl":{"start":{"line":10,"column":24},"end":{"line":10,"column":30}},"loc":{"start":{"line":10,"column":56},"end":{"line":136,"column":null}},"line":10},"1":{"name":"handleTodoStatusToggle","decl":{"start":{"line":15,"column":11},"end":{"line":15,"column":34}},"loc":{"start":{"line":15,"column":48},"end":{"line":29,"column":null}},"line":15},"2":{"name":"(anonymous_2)","decl":{"start":{"line":16,"column":27},"end":{"line":16,"column":32}},"loc":{"start":{"line":16,"column":38},"end":{"line":27,"column":5}},"line":16},"3":{"name":"handleHideDoneToggle","decl":{"start":{"line":31,"column":11},"end":{"line":31,"column":34}},"loc":{"start":{"line":31,"column":34},"end":{"line":33,"column":null}},"line":31},"4":{"name":"handleCancelAddTodo","decl":{"start":{"line":35,"column":11},"end":{"line":35,"column":33}},"loc":{"start":{"line":35,"column":33},"end":{"line":37,"column":null}},"line":35},"5":{"name":"handleAddTodo","decl":{"start":{"line":39,"column":11},"end":{"line":39,"column":25}},"loc":{"start":{"line":39,"column":68},"end":{"line":50,"column":null}},"line":39},"6":{"name":"(anonymous_6)","decl":{"start":{"line":48,"column":4},"end":{"line":48,"column":14}},"loc":{"start":{"line":48,"column":23},"end":{"line":48,"column":41}},"line":48},"7":{"name":"(anonymous_7)","decl":{"start":{"line":52,"column":26},"end":{"line":52,"column":34}},"loc":{"start":{"line":52,"column":43},"end":{"line":52,"column":65}},"line":52},"8":{"name":"(anonymous_8)","decl":{"start":{"line":61,"column":38},"end":{"line":61,"column":53}},"loc":{"start":{"line":61,"column":53},"end":{"line":61,"column":79}},"line":61},"9":{"name":"(anonymous_9)","decl":{"start":{"line":82,"column":24},"end":{"line":82,"column":29}},"loc":{"start":{"line":83,"column":14},"end":{"line":87,"column":null}},"line":83}},"branchMap":{"0":{"loc":{"start":{"line":17,"column":6},"end":{"line":26,"column":null}},"type":"if","locations":[{"start":{"line":17,"column":6},"end":{"line":26,"column":null}},{"start":{"line":24,"column":13},"end":{"line":26,"column":null}}],"line":17},"1":{"loc":{"start":{"line":18,"column":8},"end":{"line":22,"column":null}},"type":"if","locations":[{"start":{"line":18,"column":8},"end":{"line":22,"column":null}},{"start":{"line":20,"column":15},"end":{"line":22,"column":null}}],"line":18},"2":{"loc":{"start":{"line":44,"column":20},"end":{"line":44,"column":null}},"type":"binary-expr","locations":[{"start":{"line":44,"column":20},"end":{"line":44,"column":67}},{"start":{"line":44,"column":67},"end":{"line":44,"column":null}}],"line":44},"3":{"loc":{"start":{"line":53,"column":21},"end":{"line":53,"column":null}},"type":"cond-expr","locations":[{"start":{"line":53,"column":32},"end":{"line":53,"column":44}},{"start":{"line":53,"column":44},"end":{"line":53,"column":null}}],"line":53},"4":{"loc":{"start":{"line":57,"column":7},"end":{"line":92,"column":null}},"type":"binary-expr","locations":[{"start":{"line":57,"column":7},"end":{"line":57,"column":null}},{"start":{"line":58,"column":8},"end":{"line":92,"column":null}}],"line":57},"5":{"loc":{"start":{"line":76,"column":11},"end":{"line":79,"column":null}},"type":"binary-expr","locations":[{"start":{"line":76,"column":11},"end":{"line":76,"column":null}},{"start":{"line":77,"column":12},"end":{"line":79,"column":null}}],"line":76},"6":{"loc":{"start":{"line":92,"column":7},"end":{"line":134,"column":null}},"type":"binary-expr","locations":[{"start":{"line":92,"column":7},"end":{"line":92,"column":null}},{"start":{"line":93,"column":8},"end":{"line":134,"column":null}}],"line":92}},"s":{"0":21,"1":21,"2":21,"3":2,"4":8,"5":2,"6":1,"7":1,"8":2,"9":6,"10":2,"11":1,"12":1,"13":2,"14":2,"15":2,"16":2,"17":2,"18":2,"19":21,"20":81,"21":21,"22":21,"23":4,"24":63},"f":{"0":21,"1":2,"2":8,"3":1,"4":1,"5":2,"6":2,"7":81,"8":4,"9":63},"b":{"0":[2,6],"1":[1,1],"2":[2,1],"3":[1,20],"4":[21,17],"5":[17,1],"6":[21,4]},"meta":{"lastBranch":7,"lastFunction":10,"lastStatement":25,"seen":{"f:10:24:10:30":0,"s:11:28:11:Infinity":0,"s:12:34:12:Infinity":1,"s:13:48:13:Infinity":2,"f:15:11:15:34":1,"s:16:21:27:Infinity":3,"f:16:27:16:32":2,"b:17:6:26:Infinity:24:13:26:Infinity":0,"s:17:6:26:Infinity":4,"b:18:8:22:Infinity:20:15:22:Infinity":1,"s:18:8:22:Infinity":5,"s:19:10:19:Infinity":6,"s:21:10:21:Infinity":7,"s:23:8:23:Infinity":8,"s:25:8:25:Infinity":9,"s:28:4:28:Infinity":10,"f:31:11:31:34":3,"s:32:4:32:Infinity":11,"f:35:11:35:33":4,"s:36:4:36:Infinity":12,"f:39:11:39:25":5,"s:40:4:40:Infinity":13,"s:41:21:41:Infinity":14,"s:42:26:46:Infinity":15,"b:44:20:44:67:44:67:44:Infinity":2,"s:48:4:48:Infinity":16,"f:48:4:48:14":6,"s:48:23:48:41":17,"s:49:4:49:Infinity":18,"s:52:20:52:Infinity":19,"f:52:26:52:34":7,"s:52:43:52:65":20,"s:53:21:53:Infinity":21,"b:53:32:53:44:53:44:53:Infinity":3,"s:55:2:134:Infinity":22,"b:57:7:57:Infinity:58:8:92:Infinity":4,"f:61:38:61:53":8,"s:61:53:61:79":23,"b:76:11:76:Infinity:77:12:79:Infinity":5,"f:82:24:82:29":9,"s:83:14:87:Infinity":24,"b:92:7:92:Infinity:93:8:134:Infinity":6},"fnNames":{}}}
,"/Users/joecrismolina/Documents/dev/myprojects/mygithub/playground/react-testing-basics/src/lib/utils.ts": {"path":"/Users/joecrismolina/Documents/dev/myprojects/mygithub/playground/react-testing-basics/src/lib/utils.ts","statementMap":{"0":{"start":{"line":5,"column":2},"end":{"line":5,"column":null}}},"fnMap":{"0":{"name":"cn","decl":{"start":{"line":4,"column":16},"end":{"line":4,"column":19}},"loc":{"start":{"line":4,"column":44},"end":{"line":6,"column":null}},"line":4}},"branchMap":{},"s":{"0":212},"f":{"0":212},"b":{},"meta":{"lastBranch":0,"lastFunction":1,"lastStatement":1,"seen":{"f:4:16:4:19":0,"s:5:2:5:Infinity":0},"fnNames":{}}}
,"/Users/joecrismolina/Documents/dev/myprojects/mygithub/playground/react-testing-basics/src/utils/utils.ts": {"path":"/Users/joecrismolina/Documents/dev/myprojects/mygithub/playground/react-testing-basics/src/utils/utils.ts","statementMap":{"0":{"start":{"line":1,"column":9},"end":{"line":1,"column":null}},"1":{"start":{"line":3,"column":37},"end":{"line":3,"column":null}},"2":{"start":{"line":8,"column":28},"end":{"line":8,"column":null}},"3":{"start":{"line":9,"column":15},"end":{"line":9,"column":null}},"4":{"start":{"line":11,"column":2},"end":{"line":13,"column":null}},"5":{"start":{"line":11,"column":15},"end":{"line":11,"column":18}},"6":{"start":{"line":12,"column":4},"end":{"line":12,"column":null}},"7":{"start":{"line":15,"column":2},"end":{"line":15,"column":null}}},"fnMap":{"0":{"name":"generateReferenceNo","decl":{"start":{"line":5,"column":16},"end":{"line":5,"column":null}},"loc":{"start":{"line":7,"column":10},"end":{"line":16,"column":null}},"line":7}},"branchMap":{"0":{"loc":{"start":{"line":6,"column":2},"end":{"line":6,"column":null}},"type":"default-arg","locations":[{"start":{"line":6,"column":19},"end":{"line":6,"column":null}}],"line":6}},"s":{"0":1,"1":1,"2":4,"3":4,"4":4,"5":4,"6":18,"7":4},"f":{"0":4},"b":{"0":[4]},"meta":{"lastBranch":1,"lastFunction":1,"lastStatement":8,"seen":{"s:1:9:1:Infinity":0,"s:3:37:3:Infinity":1,"f:5:16:5:Infinity":0,"b:6:19:6:Infinity":0,"s:8:28:8:Infinity":2,"s:9:15:9:Infinity":3,"s:11:2:13:Infinity":4,"s:11:15:11:18":5,"s:12:4:12:Infinity":6,"s:15:2:15:Infinity":7},"fnNames":{}}}
}
